Wed Aug 21 03:00:46 PM EEST 2024: https://httpstat.us/303 returned 303 (See Other) - Category: Redirection
Wed Aug 21 03:00:47 PM EEST 2024: https://example.com returned 200 (OK) - Category: Successful
Wed Aug 21 03:00:47 PM EEST 2024: https://google.com returned 301 (Moved Permanently) - Category: Redirection
Wed Aug 21 03:00:48 PM EEST 2024: https://httpstat.us/404 returned 404 (Not Found) - Category: Client Error
Wed Aug 21 03:00:49 PM EEST 2024: https://httpstat.us/500 returned 500 (Internal Server Error) - Category: Server Error
Wed Aug 21 03:01:50 PM EEST 2024: https://httpstat.us/303 returned 303 (See Other) - Category: Redirection
Wed Aug 21 03:01:50 PM EEST 2024: https://example.com returned 200 (OK) - Category: Successful
Wed Aug 21 03:01:50 PM EEST 2024: https://google.com returned 301 (Moved Permanently) - Category: Redirection
Wed Aug 21 03:01:51 PM EEST 2024: https://httpstat.us/404 returned 404 (Not Found) - Category: Client Error
Wed Aug 21 03:01:52 PM EEST 2024: https://httpstat.us/500 returned 500 (Internal Server Error) - Category: Server Error
Wed Aug 21 03:02:51 PM EEST 2024: https://httpstat.us/303 returned 303 (See Other) - Category: Redirection
Wed Aug 21 03:02:52 PM EEST 2024: https://example.com returned 200 (OK) - Category: Successful
Wed Aug 21 03:02:52 PM EEST 2024: https://google.com returned 301 (Moved Permanently) - Category: Redirection
Wed Aug 21 03:02:53 PM EEST 2024: https://httpstat.us/404 returned 404 (Not Found) - Category: Client Error
Wed Aug 21 03:02:54 PM EEST 2024: https://httpstat.us/500 returned 500 (Internal Server Error) - Category: Server Error
Wed Aug 21 03:03:06 PM EEST 2024: https://httpstat.us/303 returned 303 (See Other) - Category: Redirection
Wed Aug 21 03:03:07 PM EEST 2024: https://example.com returned 200 (OK) - Category: Successful
Wed Aug 21 03:03:07 PM EEST 2024: https://google.com returned 301 (Moved Permanently) - Category: Redirection
Wed Aug 21 03:03:08 PM EEST 2024: https://httpstat.us/404 returned 404 (Not Found) - Category: Client Error
Wed Aug 21 03:03:09 PM EEST 2024: https://httpstat.us/500 returned 500 (Internal Server Error) - Category: Server Error
Wed Aug 21 03:03:21 PM EEST 2024: https://httpstat.us/303 returned 303 (See Other) - Category: Redirection
Wed Aug 21 03:03:22 PM EEST 2024: https://example.com returned 200 (OK) - Category: Successful
Wed Aug 21 03:03:22 PM EEST 2024: https://google.com returned 301 (Moved Permanently) - Category: Redirection
Wed Aug 21 03:03:23 PM EEST 2024: https://httpstat.us/404 returned 404 (Not Found) - Category: Client Error
Wed Aug 21 03:03:24 PM EEST 2024: https://httpstat.us/500 returned 500 (Internal Server Error) - Category: Server Error
